<?xml version="1.0" encoding="UTF-8"?>
<testsuite name="com.omar.calculator.CalculatorApplicationTests" tests="1" skipped="0" failures="0" errors="0" timestamp="2019-09-16T18:49:37" hostname="pop" time="0.245">
  <properties/>
  <testcase name="contextLoads" classname="com.omar.calculator.CalculatorApplicationTests" time="0.245"/>
  <system-out><![CDATA[15:49:35.005 [Test worker] DEBUG org.springframework.test.context.junit4.SpringJUnit4ClassRunner - SpringJUnit4ClassRunner constructor called with [class com.omar.calculator.CalculatorApplicationTests]
15:49:35.018 [Test worker] DEBUG org.springframework.test.context.BootstrapUtils - Instantiating CacheAwareContextLoaderDelegate from class [org.springframework.test.context.cache.DefaultCacheAwareContextLoaderDelegate]
15:49:35.031 [Test worker] DEBUG org.springframework.test.context.BootstrapUtils - Instantiating BootstrapContext using constructor [public org.springframework.test.context.support.DefaultBootstrapContext(java.lang.Class,org.springframework.test.context.CacheAwareContextLoaderDelegate)]
15:49:35.051 [Test worker] DEBUG org.springframework.test.context.BootstrapUtils - Instantiating TestContextBootstrapper for test class [com.omar.calculator.CalculatorApplicationTests] from class [org.springframework.boot.test.context.SpringBootTestContextBootstrapper]
15:49:35.060 [Test worker] INFO org.springframework.boot.test.context.SpringBootTestContextBootstrapper - Neither @ContextConfiguration nor @ContextHierarchy found for test class [com.omar.calculator.CalculatorApplicationTests], using SpringBootContextLoader
15:49:35.064 [Test worker] DEBUG org.springframework.test.context.support.AbstractContextLoader - Did not detect default resource location for test class [com.omar.calculator.CalculatorApplicationTests]: class path resource [com/omar/calculator/CalculatorApplicationTests-context.xml] does not exist
15:49:35.066 [Test worker] DEBUG org.springframework.test.context.support.AbstractContextLoader - Did not detect default resource location for test class [com.omar.calculator.CalculatorApplicationTests]: class path resource [com/omar/calculator/CalculatorApplicationTestsContext.groovy] does not exist
15:49:35.066 [Test worker] INFO org.springframework.test.context.support.AbstractContextLoader - Could not detect default resource locations for test class [com.omar.calculator.CalculatorApplicationTests]: no resource found for suffixes {-context.xml, Context.groovy}.
15:49:35.067 [Test worker] INFO org.springframework.test.context.support.AnnotationConfigContextLoaderUtils - Could not detect default configuration classes for test class [com.omar.calculator.CalculatorApplicationTests]: CalculatorApplicationTests does not declare any static, non-private, non-final, nested classes annotated with @Configuration.
15:49:35.114 [Test worker] DEBUG org.springframework.test.context.support.ActiveProfilesUtils - Could not find an 'annotation declaring class' for annotation type [org.springframework.test.context.ActiveProfiles] and class [com.omar.calculator.CalculatorApplicationTests]
15:49:35.189 [Test worker] DEBUG org.springframework.context.annotation.ClassPathScanningCandidateComponentProvider - Identified candidate component class: file [/home/zefhon/Documents/Code/Continuous-Delivery-Docker-Jenkins/Docker-jenkins-project/Chapter1/calculator-mio/calculator/build/classes/java/main/com/omar/calculator/CalculatorApplication.class]
15:49:35.198 [Test worker] INFO org.springframework.boot.test.context.SpringBootTestContextBootstrapper - Found @SpringBootConfiguration com.omar.calculator.CalculatorApplication for test class com.omar.calculator.CalculatorApplicationTests
15:49:35.275 [Test worker] DEBUG org.springframework.boot.test.context.SpringBootTestContextBootstrapper - @TestExecutionListeners is not present for class [com.omar.calculator.CalculatorApplicationTests]: using defaults.
15:49:35.276 [Test worker] INFO org.springframework.boot.test.context.SpringBootTestContextBootstrapper - Loaded default TestExecutionListener class names from location [META-INF/spring.factories]: [org.springframework.boot.test.autoconfigure.restdocs.RestDocsTestExecutionListener, org.springframework.boot.test.autoconfigure.web.client.MockRestServiceServerResetTestExecutionListener, org.springframework.boot.test.autoconfigure.web.servlet.MockMvcPrintOnlyOnFailureTestExecutionListener, org.springframework.boot.test.autoconfigure.web.servlet.WebDriverTestExecutionListener, org.springframework.boot.test.mock.mockito.MockitoTestExecutionListener, org.springframework.boot.test.mock.mockito.ResetMocksTestExecutionListener, org.springframework.test.context.web.ServletTestExecutionListener, org.springframework.test.context.support.DirtiesContextBeforeModesTestExecutionListener, org.springframework.test.context.support.DependencyInjectionTestExecutionListener, org.springframework.test.context.support.DirtiesContextTestExecutionListener, org.springframework.test.context.transaction.TransactionalTestExecutionListener, org.springframework.test.context.jdbc.SqlScriptsTestExecutionListener]
15:49:35.285 [Test worker] DEBUG org.springframework.boot.test.context.SpringBootTestContextBootstrapper - Skipping candidate TestExecutionListener [org.springframework.test.context.transaction.TransactionalTestExecutionListener] due to a missing dependency. Specify custom listener classes or make the default listener classes and their required dependencies available. Offending class: [org/springframework/transaction/interceptor/TransactionAttributeSource]
15:49:35.286 [Test worker] DEBUG org.springframework.boot.test.context.SpringBootTestContextBootstrapper - Skipping candidate TestExecutionListener [org.springframework.test.context.jdbc.SqlScriptsTestExecutionListener] due to a missing dependency. Specify custom listener classes or make the default listener classes and their required dependencies available. Offending class: [org/springframework/transaction/interceptor/TransactionAttribute]
15:49:35.286 [Test worker] INFO org.springframework.boot.test.context.SpringBootTestContextBootstrapper - Using TestExecutionListeners: [org.springframework.test.context.web.ServletTestExecutionListener@41db0481, org.springframework.test.context.support.DirtiesContextBeforeModesTestExecutionListener@65a4b40f, org.springframework.boot.test.mock.mockito.MockitoTestExecutionListener@7a5818a0, org.springframework.boot.test.autoconfigure.SpringBootDependencyInjectionTestExecutionListener@2144cd17, org.springframework.test.context.support.DirtiesContextTestExecutionListener@38a23ab2, org.springframework.boot.test.autoconfigure.restdocs.RestDocsTestExecutionListener@78e6f565, org.springframework.boot.test.autoconfigure.web.client.MockRestServiceServerResetTestExecutionListener@42c17fc1, org.springframework.boot.test.autoconfigure.web.servlet.MockMvcPrintOnlyOnFailureTestExecutionListener@45ea3efb, org.springframework.boot.test.autoconfigure.web.servlet.WebDriverTestExecutionListener@6cb4fb5e, org.springframework.boot.test.mock.mockito.ResetMocksTestExecutionListener@23b67670]
15:49:35.289 [Test worker] DEBUG org.springframework.test.annotation.ProfileValueUtils - Retrieved @ProfileValueSourceConfiguration [null] for test class [com.omar.calculator.CalculatorApplicationTests]
15:49:35.289 [Test worker] DEBUG org.springframework.test.annotation.ProfileValueUtils - Retrieved ProfileValueSource type [class org.springframework.test.annotation.SystemProfileValueSource] for class [com.omar.calculator.CalculatorApplicationTests]
15:49:35.290 [Test worker] DEBUG org.springframework.test.annotation.ProfileValueUtils - Retrieved @ProfileValueSourceConfiguration [null] for test class [com.omar.calculator.CalculatorApplicationTests]
15:49:35.290 [Test worker] DEBUG org.springframework.test.annotation.ProfileValueUtils - Retrieved ProfileValueSource type [class org.springframework.test.annotation.SystemProfileValueSource] for class [com.omar.calculator.CalculatorApplicationTests]
15:49:35.295 [Test worker] DEBUG org.springframework.test.context.support.AbstractDirtiesContextTestExecutionListener - Before test class: context [DefaultTestContext@d00c93e testClass = CalculatorApplicationTests, testInstance = [null], testMethod = [null], testException = [null], mergedContextConfiguration = [WebMergedContextConfiguration@7a36b273 testClass = CalculatorApplicationTests, locations = '{}', classes = '{class com.omar.calculator.CalculatorApplication}', contextInitializerClasses = '[]', activeProfiles = '{}', propertySourceLocations = '{}', propertySourceProperties = '{org.springframework.boot.test.context.SpringBootTestContextBootstrapper=true}', contextCustomizers = set[org.springframework.boot.test.autoconfigure.properties.PropertyMappingContextCustomizer@0, org.springframework.boot.test.autoconfigure.web.servlet.WebDriverContextCustomizerFactory$Customizer@7e962b90, org.springframework.boot.test.context.filter.ExcludeFilterContextCustomizer@670adc1f, org.springframework.boot.test.json.DuplicateJsonObjectContextCustomizerFactory$DuplicateJsonObjectContextCustomizer@1fe7ac2c, org.springframework.boot.test.mock.mockito.MockitoContextCustomizer@0, org.springframework.boot.test.web.client.TestRestTemplateContextCustomizer@4d77e246], resourceBasePath = 'src/main/webapp', contextLoader = 'org.springframework.boot.test.context.SpringBootContextLoader', parent = [null]], attributes = map['org.springframework.test.context.web.ServletTestExecutionListener.activateListener' -> true]], class annotated with @DirtiesContext [false] with mode [null].
15:49:35.296 [Test worker] DEBUG org.springframework.test.annotation.ProfileValueUtils - Retrieved @ProfileValueSourceConfiguration [null] for test class [com.omar.calculator.CalculatorApplicationTests]
15:49:35.296 [Test worker] DEBUG org.springframework.test.annotation.ProfileValueUtils - Retrieved ProfileValueSource type [class org.springframework.test.annotation.SystemProfileValueSource] for class [com.omar.calculator.CalculatorApplicationTests]
15:49:35.314 [Test worker] DEBUG org.springframework.test.context.support.TestPropertySourceUtils - Adding inlined properties to environment: {spring.jmx.enabled=false, org.springframework.boot.test.context.SpringBootTestContextBootstrapper=true, server.port=-1}

  .   ____          _            __ _ _
 /\\ / ___'_ __ _ _(_)_ __  __ _ \ \ \ \
( ( )\___ | '_ | '_| | '_ \/ _` | \ \ \ \
 \\/  ___)| |_)| | | | | || (_| |  ) ) ) )
  '  |____| .__|_| |_|_| |_\__, | / / / /
 =========|_|==============|___/=/_/_/_/
 :: Spring Boot ::        (v2.1.8.RELEASE)

2019-09-16 15:49:35.751  INFO 6424 --- [    Test worker] c.o.c.CalculatorApplicationTests         : Starting CalculatorApplicationTests on pop with PID 6424 (started by zefhon in /home/zefhon/Documents/Code/Continuous-Delivery-Docker-Jenkins/Docker-jenkins-project/Chapter1/calculator-mio/calculator)
2019-09-16 15:49:35.753  INFO 6424 --- [    Test worker] c.o.c.CalculatorApplicationTests         : No active profile set, falling back to default profiles: default
2019-09-16 15:49:37.333  INFO 6424 --- [    Test worker] o.s.s.concurrent.ThreadPoolTaskExecutor  : Initializing ExecutorService 'applicationTaskExecutor'
2019-09-16 15:49:37.553  INFO 6424 --- [    Test worker] c.o.c.CalculatorApplicationTests         : Started CalculatorApplicationTests in 2.231 seconds (JVM running for 3.158)
]]></system-out>
  <system-err><![CDATA[]]></system-err>
</testsuite>
